
> learning-app-frontend@0.1.0 dev
> next dev

   ▲ Next.js 15.5.2
   - Local:        http://localhost:3000
   - Network:      http://192.168.1.103:3000

 ✓ Starting...
 ✓ Ready in 8.2s
 ○ Compiling / ...
Request timed out after 3000ms

Retrying 1/3...
Request timed out after 3000ms

Retrying 1/3...
 ⨯ src/app/layout.tsx
An error occurred in `next/font`.

Error: Cannot find module '@tailwindcss/postcss'
Require stack:
- /home/klgwn/lpthw/module2/oop/learning-app/frontend/node_modules/next/dist/build/webpack/config/blocks/css/plugins.js
- /home/klgwn/lpthw/module2/oop/learning-app/frontend/node_modules/next/dist/build/webpack/config/blocks/css/index.js
- /home/klgwn/lpthw/module2/oop/learning-app/frontend/node_modules/next/dist/build/webpack/config/index.js
- /home/klgwn/lpthw/module2/oop/learning-app/frontend/node_modules/next/dist/build/webpack-config.js
- /home/klgwn/lpthw/module2/oop/learning-app/frontend/node_modules/next/dist/server/dev/hot-reloader-webpack.js
- /home/klgwn/lpthw/module2/oop/learning-app/frontend/node_modules/next/dist/server/lib/router-utils/setup-dev-bundler.js
- /home/klgwn/lpthw/module2/oop/learning-app/frontend/node_modules/next/dist/server/lib/router-server.js
- /home/klgwn/lpthw/module2/oop/learning-app/frontend/node_modules/next/dist/server/lib/start-server.js
    at Module._resolveFilename (node:internal/modules/cjs/loader:1225:15)
    at /home/klgwn/lpthw/module2/oop/learning-app/frontend/node_modules/next/dist/server/require-hook.js:57:36
    at Function.resolve (node:internal/modules/helpers:190:19)
    at loadPlugin (/home/klgwn/lpthw/module2/oop/learning-app/frontend/node_modules/next/dist/build/webpack/config/blocks/css/plugins.js:53:32)
    at /home/klgwn/lpthw/module2/oop/learning-app/frontend/node_modules/next/dist/build/webpack/config/blocks/css/plugins.js:185:56
    at Array.map (<anonymous>)
    at getPostCssPlugins (/home/klgwn/lpthw/module2/oop/learning-app/frontend/node_modules/next/dist/build/webpack/config/blocks/css/plugins.js:185:47)
    at async /home/klgwn/lpthw/module2/oop/learning-app/frontend/node_modules/next/dist/build/webpack/config/blocks/css/index.js:125:36
    at async /home/klgwn/lpthw/module2/oop/learning-app/frontend/node_modules/next/dist/build/webpack/loaders/next-font-loader/index.js:94:33
    at async Span.traceAsyncFn (/home/klgwn/lpthw/module2/oop/learning-app/frontend/node_modules/next/dist/trace/trace.js:157:20)


Retrying 1/3...
Request timed out after 3000ms

Retrying 2/3...


Retrying 3/3...
[AggregateError: ] { code: 'ETIMEDOUT' }
 ⨯ Failed to download `Inter` from Google Fonts. Using fallback font instead.

Failed to fetch `Inter` from Google Fonts.}
 ⨯ src/app/layout.tsx
An error occurred in `next/font`.

Error: Cannot find module '@tailwindcss/postcss'
Require stack:
- /home/klgwn/lpthw/module2/oop/learning-app/frontend/node_modules/next/dist/build/webpack/config/blocks/css/plugins.js
- /home/klgwn/lpthw/module2/oop/learning-app/frontend/node_modules/next/dist/build/webpack/config/blocks/css/index.js
- /home/klgwn/lpthw/module2/oop/learning-app/frontend/node_modules/next/dist/build/webpack/config/index.js
- /home/klgwn/lpthw/module2/oop/learning-app/frontend/node_modules/next/dist/build/webpack-config.js
- /home/klgwn/lpthw/module2/oop/learning-app/frontend/node_modules/next/dist/server/dev/hot-reloader-webpack.js
- /home/klgwn/lpthw/module2/oop/learning-app/frontend/node_modules/next/dist/server/lib/router-utils/setup-dev-bundler.js
- /home/klgwn/lpthw/module2/oop/learning-app/frontend/node_modules/next/dist/server/lib/router-server.js
- /home/klgwn/lpthw/module2/oop/learning-app/frontend/node_modules/next/dist/server/lib/start-server.js
    at Module._resolveFilename (node:internal/modules/cjs/loader:1225:15)
    at /home/klgwn/lpthw/module2/oop/learning-app/frontend/node_modules/next/dist/server/require-hook.js:57:36
    at Function.resolve (node:internal/modules/helpers:190:19)
    at loadPlugin (/home/klgwn/lpthw/module2/oop/learning-app/frontend/node_modules/next/dist/build/webpack/config/blocks/css/plugins.js:53:32)
    at /home/klgwn/lpthw/module2/oop/learning-app/frontend/node_modules/next/dist/build/webpack/config/blocks/css/plugins.js:185:56
    at Array.map (<anonymous>)
    at getPostCssPlugins (/home/klgwn/lpthw/module2/oop/learning-app/frontend/node_modules/next/dist/build/webpack/config/blocks/css/plugins.js:185:47)
    at async /home/klgwn/lpthw/module2/oop/learning-app/frontend/node_modules/next/dist/build/webpack/config/blocks/css/index.js:125:36
    at async /home/klgwn/lpthw/module2/oop/learning-app/frontend/node_modules/next/dist/build/webpack/loaders/next-font-loader/index.js:94:33
    at async Span.traceAsyncFn (/home/klgwn/lpthw/module2/oop/learning-app/frontend/node_modules/next/dist/trace/trace.js:157:20)


Retrying 1/3...


Retrying 1/3...


Retrying 1/3...


Retrying 1/3...


Retrying 1/3...


Retrying 1/3...


Retrying 2/3...


Retrying 2/3...


Retrying 2/3...


Retrying 2/3...


Retrying 2/3...
 ⨯ src/app/layout.tsx
An error occurred in `next/font`.

Error: Cannot find module '@tailwindcss/postcss'
Require stack:
- /home/klgwn/lpthw/module2/oop/learning-app/frontend/node_modules/next/dist/build/webpack/config/blocks/css/plugins.js
- /home/klgwn/lpthw/module2/oop/learning-app/frontend/node_modules/next/dist/build/webpack/config/blocks/css/index.js
- /home/klgwn/lpthw/module2/oop/learning-app/frontend/node_modules/next/dist/build/webpack/config/index.js
- /home/klgwn/lpthw/module2/oop/learning-app/frontend/node_modules/next/dist/build/webpack-config.js
- /home/klgwn/lpthw/module2/oop/learning-app/frontend/node_modules/next/dist/server/dev/hot-reloader-webpack.js
- /home/klgwn/lpthw/module2/oop/learning-app/frontend/node_modules/next/dist/server/lib/router-utils/setup-dev-bundler.js
- /home/klgwn/lpthw/module2/oop/learning-app/frontend/node_modules/next/dist/server/lib/router-server.js
- /home/klgwn/lpthw/module2/oop/learning-app/frontend/node_modules/next/dist/server/lib/start-server.js
    at Module._resolveFilename (node:internal/modules/cjs/loader:1225:15)
    at /home/klgwn/lpthw/module2/oop/learning-app/frontend/node_modules/next/dist/server/require-hook.js:57:36
    at Function.resolve (node:internal/modules/helpers:190:19)
    at loadPlugin (/home/klgwn/lpthw/module2/oop/learning-app/frontend/node_modules/next/dist/build/webpack/config/blocks/css/plugins.js:53:32)
    at /home/klgwn/lpthw/module2/oop/learning-app/frontend/node_modules/next/dist/build/webpack/config/blocks/css/plugins.js:185:56
    at Array.map (<anonymous>)
    at getPostCssPlugins (/home/klgwn/lpthw/module2/oop/learning-app/frontend/node_modules/next/dist/build/webpack/config/blocks/css/plugins.js:185:47)
    at async /home/klgwn/lpthw/module2/oop/learning-app/frontend/node_modules/next/dist/build/webpack/config/blocks/css/index.js:125:36
    at async /home/klgwn/lpthw/module2/oop/learning-app/frontend/node_modules/next/dist/build/webpack/loaders/next-font-loader/index.js:94:33
    at async Span.traceAsyncFn (/home/klgwn/lpthw/module2/oop/learning-app/frontend/node_modules/next/dist/trace/trace.js:157:20)
 HEAD / 500 in 33142ms
[?25h
